

Started GET "/" for 127.0.0.1 at 2014-04-10 04:51:26 +0700

ActiveRecord::PendingMigrationError (

Migrations are pending. To resolve this issue, run:

	bin/rake db:migrate RAILS_ENV=development

):
  activerecord (4.1.0) lib/active_record/migration.rb:389:in `check_pending!'
  activerecord (4.1.0) lib/active_record/migration.rb:377:in `call'
  actionpack (4.1.0) lib/action_dispatch/middleware/callbacks.rb:29:in `block in call'
  activesupport (4.1.0) lib/active_support/callbacks.rb:82:in `run_callbacks'
  actionpack (4.1.0) lib/action_dispatch/middleware/callbacks.rb:27:in `call'
  actionpack (4.1.0) lib/action_dispatch/middleware/reloader.rb:73:in `call'
  actionpack (4.1.0) lib/action_dispatch/middleware/remote_ip.rb:76:in `call'
  actionpack (4.1.0) lib/action_dispatch/middleware/debug_exceptions.rb:17:in `call'
  actionpack (4.1.0) lib/action_dispatch/middleware/show_exceptions.rb:30:in `call'
  railties (4.1.0) lib/rails/rack/logger.rb:38:in `call_app'
  railties (4.1.0) lib/rails/rack/logger.rb:20:in `block in call'
  activesupport (4.1.0) lib/active_support/tagged_logging.rb:68:in `block in tagged'
  activesupport (4.1.0) lib/active_support/tagged_logging.rb:26:in `tagged'
  activesupport (4.1.0) lib/active_support/tagged_logging.rb:68:in `tagged'
  railties (4.1.0) lib/rails/rack/logger.rb:20:in `call'
  actionpack (4.1.0) lib/action_dispatch/middleware/request_id.rb:21:in `call'
  rack (1.5.2) lib/rack/methodoverride.rb:21:in `call'
  rack (1.5.2) lib/rack/runtime.rb:17:in `call'
  activesupport (4.1.0) lib/active_support/cache/strategy/local_cache_middleware.rb:26:in `call'
  rack (1.5.2) lib/rack/lock.rb:17:in `call'
  actionpack (4.1.0) lib/action_dispatch/middleware/static.rb:64:in `call'
  rack (1.5.2) lib/rack/sendfile.rb:112:in `call'
  railties (4.1.0) lib/rails/engine.rb:514:in `call'
  railties (4.1.0) lib/rails/application.rb:144:in `call'
  rack (1.5.2) lib/rack/lock.rb:17:in `call'
  rack (1.5.2) lib/rack/content_length.rb:14:in `call'
  rack (1.5.2) lib/rack/handler/webrick.rb:60:in `service'
  /Users/binhnguyen/.rvm/rubies/ruby-2.1.1/lib/ruby/2.1.0/webrick/httpserver.rb:138:in `service'
  /Users/binhnguyen/.rvm/rubies/ruby-2.1.1/lib/ruby/2.1.0/webrick/httpserver.rb:94:in `run'
  /Users/binhnguyen/.rvm/rubies/ruby-2.1.1/lib/ruby/2.1.0/webrick/server.rb:295:in `block in start_thread'


  Rendered /Users/binhnguyen/.rvm/gems/ruby-2.1.1/gems/actionpack-4.1.0/lib/action_dispatch/middleware/templates/rescues/_source.erb (1.0ms)
  Rendered /Users/binhnguyen/.rvm/gems/ruby-2.1.1/gems/actionpack-4.1.0/lib/action_dispatch/middleware/templates/rescues/_trace.html.erb (1.2ms)
  Rendered /Users/binhnguyen/.rvm/gems/ruby-2.1.1/gems/actionpack-4.1.0/lib/action_dispatch/middleware/templates/rescues/_request_and_response.html.erb (1.5ms)
  Rendered /Users/binhnguyen/.rvm/gems/ruby-2.1.1/gems/actionpack-4.1.0/lib/action_dispatch/middleware/templates/rescues/diagnostics.erb within rescues/layout (27.4ms)
  [1m[36m (1.0ms)[0m  [1mCREATE TABLE "schema_migrations" ("version" varchar(255) NOT NULL) [0m
  [1m[35m (0.1ms)[0m  select sqlite_version(*)
  [1m[36m (0.9ms)[0m  [1mCREATE UNIQUE INDEX "unique_schema_migrations" ON "schema_migrations" ("version")[0m
  [1m[35mActiveRecord::SchemaMigration Load (0.2ms)[0m  SELECT "schema_migrations".* FROM "schema_migrations"
Migrating to CreateLogs (20140409215107)
  [1m[36m (0.1ms)[0m  [1mbegin transaction[0m
  [1m[35m (0.6ms)[0m  CREATE TABLE "logs" ("id" INTEGER PRIMARY KEY AUTOINCREMENT NOT NULL, "location" varchar(255), "created_at" datetime, "updated_at" datetime) 
  [1m[36mSQL (0.2ms)[0m  [1mINSERT INTO "schema_migrations" ("version") VALUES (?)[0m  [["version", "20140409215107"]]
  [1m[35m (0.9ms)[0m  commit transaction
  [1m[36mActiveRecord::SchemaMigration Load (0.1ms)[0m  [1mSELECT "schema_migrations".* FROM "schema_migrations"[0m


Started GET "/" for 127.0.0.1 at 2014-04-10 04:51:58 +0700
  [1m[36mActiveRecord::SchemaMigration Load (0.2ms)[0m  [1mSELECT "schema_migrations".* FROM "schema_migrations"[0m
Processing by Rails::WelcomeController#index as HTML
  Rendered /Users/binhnguyen/.rvm/gems/ruby-2.1.1/gems/railties-4.1.0/lib/rails/templates/rails/welcome/index.html.erb (2.0ms)
Completed 200 OK in 23ms (Views: 10.6ms | ActiveRecord: 0.0ms)


Started GET "/logs/" for 127.0.0.1 at 2014-04-10 04:52:03 +0700
Processing by LogsController#index as HTML
  [1m[35mLog Load (0.2ms)[0m  SELECT "logs".* FROM "logs"
  Rendered logs/index.html.erb within layouts/application (2.4ms)
Completed 200 OK in 995ms (Views: 992.6ms | ActiveRecord: 0.2ms)


Started GET "/assets/jquery.js?body=1" for 127.0.0.1 at 2014-04-10 04:52:04 +0700


Started GET "/assets/jquery_ujs.js?body=1" for 127.0.0.1 at 2014-04-10 04:52:04 +0700


Started GET "/assets/turbolinks.js?body=1" for 127.0.0.1 at 2014-04-10 04:52:04 +0700


Started GET "/assets/scaffolds.css?body=1" for 127.0.0.1 at 2014-04-10 04:52:04 +0700


Started GET "/assets/logs.css?body=1" for 127.0.0.1 at 2014-04-10 04:52:04 +0700


Started GET "/assets/application.css?body=1" for 127.0.0.1 at 2014-04-10 04:52:04 +0700


Started GET "/assets/logs.js?body=1" for 127.0.0.1 at 2014-04-10 04:52:04 +0700


Started GET "/assets/application.js?body=1" for 127.0.0.1 at 2014-04-10 04:52:04 +0700


Started GET "/logs/new" for 127.0.0.1 at 2014-04-10 04:52:06 +0700
Processing by LogsController#new as HTML
  Rendered logs/_form.html.erb (32.5ms)
  Rendered logs/new.html.erb within layouts/application (41.6ms)
Completed 200 OK in 52ms (Views: 49.9ms | ActiveRecord: 0.4ms)


Started GET "/logs/apicall" for 127.0.0.1 at 2014-04-10 04:55:21 +0700
Processing by LogsController#show as HTML
  Parameters: {"id"=>"apicall"}
  [1m[36mLog Load (0.3ms)[0m  [1mSELECT  "logs".* FROM "logs"  WHERE "logs"."id" = ? LIMIT 1[0m  [["id", 0]]
Completed 404 Not Found in 5ms

ActiveRecord::RecordNotFound (Couldn't find Log with 'id'=apicall):
  app/controllers/logs_controller.rb:76:in `set_log'


  Rendered /Users/binhnguyen/.rvm/gems/ruby-2.1.1/gems/actionpack-4.1.0/lib/action_dispatch/middleware/templates/rescues/_source.erb (1.2ms)
  Rendered /Users/binhnguyen/.rvm/gems/ruby-2.1.1/gems/actionpack-4.1.0/lib/action_dispatch/middleware/templates/rescues/_trace.html.erb (2.1ms)
  Rendered /Users/binhnguyen/.rvm/gems/ruby-2.1.1/gems/actionpack-4.1.0/lib/action_dispatch/middleware/templates/rescues/_request_and_response.html.erb (1.6ms)
  Rendered /Users/binhnguyen/.rvm/gems/ruby-2.1.1/gems/actionpack-4.1.0/lib/action_dispatch/middleware/templates/rescues/diagnostics.erb within rescues/layout (21.8ms)


Started GET "/logs/apicall" for 127.0.0.1 at 2014-04-10 04:55:30 +0700
Processing by LogsController#show as HTML
  Parameters: {"id"=>"apicall"}
  [1m[35mLog Load (0.1ms)[0m  SELECT  "logs".* FROM "logs"  WHERE "logs"."id" = ? LIMIT 1  [["id", 0]]
Completed 404 Not Found in 2ms

ActiveRecord::RecordNotFound (Couldn't find Log with 'id'=apicall):
  app/controllers/logs_controller.rb:76:in `set_log'


  Rendered /Users/binhnguyen/.rvm/gems/ruby-2.1.1/gems/actionpack-4.1.0/lib/action_dispatch/middleware/templates/rescues/_source.erb (1.0ms)
  Rendered /Users/binhnguyen/.rvm/gems/ruby-2.1.1/gems/actionpack-4.1.0/lib/action_dispatch/middleware/templates/rescues/_trace.html.erb (2.0ms)
  Rendered /Users/binhnguyen/.rvm/gems/ruby-2.1.1/gems/actionpack-4.1.0/lib/action_dispatch/middleware/templates/rescues/_request_and_response.html.erb (1.2ms)
  Rendered /Users/binhnguyen/.rvm/gems/ruby-2.1.1/gems/actionpack-4.1.0/lib/action_dispatch/middleware/templates/rescues/diagnostics.erb within rescues/layout (18.8ms)


Started GET "/apicall" for 127.0.0.1 at 2014-04-10 04:57:04 +0700
Processing by LogsController#apicall as HTML
  [1m[36m (0.1ms)[0m  [1mbegin transaction[0m
  [1m[35mSQL (0.6ms)[0m  INSERT INTO "logs" ("created_at", "updated_at") VALUES (?, ?)  [["created_at", "2014-04-09 21:57:04.344361"], ["updated_at", "2014-04-09 21:57:04.344361"]]
  [1m[36m (0.9ms)[0m  [1mcommit transaction[0m
Completed 200 OK in 15ms (Views: 0.5ms | ActiveRecord: 2.2ms)


Started GET "/apicall?location=109292" for 127.0.0.1 at 2014-04-10 04:57:23 +0700
Processing by LogsController#apicall as HTML
  Parameters: {"location"=>"109292"}
  [1m[35m (0.3ms)[0m  begin transaction
  [1m[36mSQL (0.5ms)[0m  [1mINSERT INTO "logs" ("created_at", "location", "updated_at") VALUES (?, ?, ?)[0m  [["created_at", "2014-04-09 21:57:23.630486"], ["location", "109292"], ["updated_at", "2014-04-09 21:57:23.630486"]]
  [1m[35m (0.7ms)[0m  commit transaction
Completed 200 OK in 5ms (Views: 0.4ms | ActiveRecord: 1.5ms)


Started GET "/apicall?location=109292" for 127.0.0.1 at 2014-04-10 05:12:58 +0700

Gem::LoadError (Specified 'sqlite3' for database adapter, but the gem is not loaded. Add `gem 'sqlite3'` to your Gemfile (and ensure its version is at the minimum required by ActiveRecord).):
  activerecord (4.1.0) lib/active_record/connection_adapters/connection_specification.rb:190:in `rescue in spec'
  activerecord (4.1.0) lib/active_record/connection_adapters/connection_specification.rb:187:in `spec'
  activerecord (4.1.0) lib/active_record/connection_handling.rb:50:in `establish_connection'
  activerecord (4.1.0) lib/active_record/railtie.rb:129:in `block (2 levels) in <class:Railtie>'
  activesupport (4.1.0) lib/active_support/lazy_load_hooks.rb:38:in `instance_eval'
  activesupport (4.1.0) lib/active_support/lazy_load_hooks.rb:38:in `execute_hook'
  activesupport (4.1.0) lib/active_support/lazy_load_hooks.rb:45:in `block in run_load_hooks'
  activesupport (4.1.0) lib/active_support/lazy_load_hooks.rb:44:in `each'
  activesupport (4.1.0) lib/active_support/lazy_load_hooks.rb:44:in `run_load_hooks'
  activerecord (4.1.0) lib/active_record/base.rb:326:in `<module:ActiveRecord>'
  activerecord (4.1.0) lib/active_record/base.rb:23:in `<top (required)>'
  activerecord (4.1.0) lib/active_record/migration.rb:388:in `check_pending!'
  activerecord (4.1.0) lib/active_record/migration.rb:377:in `call'
  actionpack (4.1.0) lib/action_dispatch/middleware/callbacks.rb:29:in `block in call'
  activesupport (4.1.0) lib/active_support/callbacks.rb:82:in `run_callbacks'
  actionpack (4.1.0) lib/action_dispatch/middleware/callbacks.rb:27:in `call'
  actionpack (4.1.0) lib/action_dispatch/middleware/reloader.rb:73:in `call'
  actionpack (4.1.0) lib/action_dispatch/middleware/remote_ip.rb:76:in `call'
  actionpack (4.1.0) lib/action_dispatch/middleware/debug_exceptions.rb:17:in `call'
  actionpack (4.1.0) lib/action_dispatch/middleware/show_exceptions.rb:30:in `call'
  railties (4.1.0) lib/rails/rack/logger.rb:38:in `call_app'
  railties (4.1.0) lib/rails/rack/logger.rb:20:in `block in call'
  activesupport (4.1.0) lib/active_support/tagged_logging.rb:68:in `block in tagged'
  activesupport (4.1.0) lib/active_support/tagged_logging.rb:26:in `tagged'
  activesupport (4.1.0) lib/active_support/tagged_logging.rb:68:in `tagged'
  railties (4.1.0) lib/rails/rack/logger.rb:20:in `call'
  actionpack (4.1.0) lib/action_dispatch/middleware/request_id.rb:21:in `call'
  rack (1.5.2) lib/rack/methodoverride.rb:21:in `call'
  rack (1.5.2) lib/rack/runtime.rb:17:in `call'
  activesupport (4.1.0) lib/active_support/cache/strategy/local_cache_middleware.rb:26:in `call'
  rack (1.5.2) lib/rack/lock.rb:17:in `call'
  actionpack (4.1.0) lib/action_dispatch/middleware/static.rb:64:in `call'
  rack (1.5.2) lib/rack/sendfile.rb:112:in `call'
  railties (4.1.0) lib/rails/engine.rb:514:in `call'
  railties (4.1.0) lib/rails/application.rb:144:in `call'
  rack (1.5.2) lib/rack/lock.rb:17:in `call'
  rack (1.5.2) lib/rack/content_length.rb:14:in `call'
  rack (1.5.2) lib/rack/handler/webrick.rb:60:in `service'
  /Users/binhnguyen/.rvm/rubies/ruby-2.1.1/lib/ruby/2.1.0/webrick/httpserver.rb:138:in `service'
  /Users/binhnguyen/.rvm/rubies/ruby-2.1.1/lib/ruby/2.1.0/webrick/httpserver.rb:94:in `run'
  /Users/binhnguyen/.rvm/rubies/ruby-2.1.1/lib/ruby/2.1.0/webrick/server.rb:295:in `block in start_thread'


  Rendered /Users/binhnguyen/.rvm/gems/ruby-2.1.1/gems/actionpack-4.1.0/lib/action_dispatch/middleware/templates/rescues/_source.erb (0.6ms)
  Rendered /Users/binhnguyen/.rvm/gems/ruby-2.1.1/gems/actionpack-4.1.0/lib/action_dispatch/middleware/templates/rescues/_trace.html.erb (1.3ms)
  Rendered /Users/binhnguyen/.rvm/gems/ruby-2.1.1/gems/actionpack-4.1.0/lib/action_dispatch/middleware/templates/rescues/_request_and_response.html.erb (0.9ms)
  Rendered /Users/binhnguyen/.rvm/gems/ruby-2.1.1/gems/actionpack-4.1.0/lib/action_dispatch/middleware/templates/rescues/diagnostics.erb within rescues/layout (17.5ms)


Started GET "/" for 127.0.0.1 at 2014-04-10 05:13:09 +0700

Gem::LoadError (Specified 'sqlite3' for database adapter, but the gem is not loaded. Add `gem 'sqlite3'` to your Gemfile (and ensure its version is at the minimum required by ActiveRecord).):
  activerecord (4.1.0) lib/active_record/connection_adapters/connection_specification.rb:190:in `rescue in spec'
  activerecord (4.1.0) lib/active_record/connection_adapters/connection_specification.rb:187:in `spec'
  activerecord (4.1.0) lib/active_record/connection_handling.rb:50:in `establish_connection'
  activerecord (4.1.0) lib/active_record/railtie.rb:129:in `block (2 levels) in <class:Railtie>'
  activesupport (4.1.0) lib/active_support/lazy_load_hooks.rb:38:in `instance_eval'
  activesupport (4.1.0) lib/active_support/lazy_load_hooks.rb:38:in `execute_hook'
  activesupport (4.1.0) lib/active_support/lazy_load_hooks.rb:45:in `block in run_load_hooks'
  activesupport (4.1.0) lib/active_support/lazy_load_hooks.rb:44:in `each'
  activesupport (4.1.0) lib/active_support/lazy_load_hooks.rb:44:in `run_load_hooks'
  activerecord (4.1.0) lib/active_record/base.rb:326:in `<module:ActiveRecord>'
  activerecord (4.1.0) lib/active_record/base.rb:23:in `<top (required)>'
  activerecord (4.1.0) lib/active_record/migration.rb:388:in `check_pending!'
  activerecord (4.1.0) lib/active_record/migration.rb:377:in `call'
  actionpack (4.1.0) lib/action_dispatch/middleware/callbacks.rb:29:in `block in call'
  activesupport (4.1.0) lib/active_support/callbacks.rb:82:in `run_callbacks'
  actionpack (4.1.0) lib/action_dispatch/middleware/callbacks.rb:27:in `call'
  actionpack (4.1.0) lib/action_dispatch/middleware/reloader.rb:73:in `call'
  actionpack (4.1.0) lib/action_dispatch/middleware/remote_ip.rb:76:in `call'
  actionpack (4.1.0) lib/action_dispatch/middleware/debug_exceptions.rb:17:in `call'
  actionpack (4.1.0) lib/action_dispatch/middleware/show_exceptions.rb:30:in `call'
  railties (4.1.0) lib/rails/rack/logger.rb:38:in `call_app'
  railties (4.1.0) lib/rails/rack/logger.rb:20:in `block in call'
  activesupport (4.1.0) lib/active_support/tagged_logging.rb:68:in `block in tagged'
  activesupport (4.1.0) lib/active_support/tagged_logging.rb:26:in `tagged'
  activesupport (4.1.0) lib/active_support/tagged_logging.rb:68:in `tagged'
  railties (4.1.0) lib/rails/rack/logger.rb:20:in `call'
  actionpack (4.1.0) lib/action_dispatch/middleware/request_id.rb:21:in `call'
  rack (1.5.2) lib/rack/methodoverride.rb:21:in `call'
  rack (1.5.2) lib/rack/runtime.rb:17:in `call'
  activesupport (4.1.0) lib/active_support/cache/strategy/local_cache_middleware.rb:26:in `call'
  rack (1.5.2) lib/rack/lock.rb:17:in `call'
  actionpack (4.1.0) lib/action_dispatch/middleware/static.rb:64:in `call'
  rack (1.5.2) lib/rack/sendfile.rb:112:in `call'
  railties (4.1.0) lib/rails/engine.rb:514:in `call'
  railties (4.1.0) lib/rails/application.rb:144:in `call'
  rack (1.5.2) lib/rack/lock.rb:17:in `call'
  rack (1.5.2) lib/rack/content_length.rb:14:in `call'
  rack (1.5.2) lib/rack/handler/webrick.rb:60:in `service'
  /Users/binhnguyen/.rvm/rubies/ruby-2.1.1/lib/ruby/2.1.0/webrick/httpserver.rb:138:in `service'
  /Users/binhnguyen/.rvm/rubies/ruby-2.1.1/lib/ruby/2.1.0/webrick/httpserver.rb:94:in `run'
  /Users/binhnguyen/.rvm/rubies/ruby-2.1.1/lib/ruby/2.1.0/webrick/server.rb:295:in `block in start_thread'


  Rendered /Users/binhnguyen/.rvm/gems/ruby-2.1.1/gems/actionpack-4.1.0/lib/action_dispatch/middleware/templates/rescues/_source.erb (0.7ms)
  Rendered /Users/binhnguyen/.rvm/gems/ruby-2.1.1/gems/actionpack-4.1.0/lib/action_dispatch/middleware/templates/rescues/_trace.html.erb (1.6ms)
  Rendered /Users/binhnguyen/.rvm/gems/ruby-2.1.1/gems/actionpack-4.1.0/lib/action_dispatch/middleware/templates/rescues/_request_and_response.html.erb (1.9ms)
  Rendered /Users/binhnguyen/.rvm/gems/ruby-2.1.1/gems/actionpack-4.1.0/lib/action_dispatch/middleware/templates/rescues/diagnostics.erb within rescues/layout (21.2ms)
